2025-12-28 17:11:28 - interview_system - ERROR - logger.py:119 - 查询执行失败: no such column: user_id
SQL: SELECT COUNT(*) as total FROM user_records WHERE user_id = ?
Params: (1,)
2025-12-28 17:11:28 - interview_system - ERROR - logger.py:119 - 获取学习进度失败: no such column: user_id
2025-12-28 17:11:47 - interview_system - ERROR - logger.py:119 - 查询执行失败: no such column: user_id
SQL: SELECT COUNT(*) as total FROM user_records WHERE user_id = ?
Params: (1,)
2025-12-28 17:11:47 - interview_system - ERROR - logger.py:119 - 获取学习进度失败: no such column: user_id
2025-12-28 17:12:01 - interview_system - ERROR - logger.py:119 - 查询执行失败: no such column: user_id
SQL: SELECT COUNT(*) as total FROM user_records WHERE user_id = ?
Params: (1,)
2025-12-28 17:12:01 - interview_system - ERROR - logger.py:119 - 获取学习进度失败: no such column: user_id
2025-12-28 17:12:07 - interview_system - ERROR - logger.py:119 - 查询执行失败: no such column: user_id
SQL: SELECT COUNT(*) as total FROM user_records WHERE user_id = ?
Params: (1,)
2025-12-28 17:12:07 - interview_system - ERROR - logger.py:119 - 获取学习进度失败: no such column: user_id
2025-12-28 17:12:15 - interview_system - ERROR - logger.py:119 - 查询执行失败: no such column: user_id
SQL: SELECT COUNT(*) as total FROM user_records WHERE user_id = ?
Params: (1,)
2025-12-28 17:12:15 - interview_system - ERROR - logger.py:119 - 获取学习进度失败: no such column: user_id
2025-12-28 17:15:33 - interview_system - ERROR - logger.py:119 - 执行失败: table questions has no column named create_time
SQL: INSERT INTO questions 

                     (category, title, option_a, option_b, option_c, option_d, 

                      difficulty, is_high_frequency, create_time, update_time)

                     VALUES (?, ?, ?, ?, ?, ?, ?, ?, ?, ?)
Params: ('Python Basics', 'Python中如何定义一个列表？', 'list = []', 'list = list()', 'list = [1, 2, 3]', '以上都可以', 'Easy', 1, '2025-12-28 17:15:33', '2025-12-28 17:15:33')
2025-12-28 17:15:33 - interview_system - ERROR - logger.py:119 - ??????: table questions has no column named create_time
2025-12-28 17:15:33 - interview_system - ERROR - logger.py:119 - 执行失败: table questions has no column named create_time
SQL: INSERT INTO questions 

                     (category, title, option_a, option_b, option_c, option_d, 

                      difficulty, is_high_frequency, create_time, update_time)

                     VALUES (?, ?, ?, ?, ?, ?, ?, ?, ?, ?)
Params: ('Python Basics', 'Python中哪个关键字用于定义函数？', 'function', 'def', 'define', 'func', 'Easy', 1, '2025-12-28 17:15:33', '2025-12-28 17:15:33')
2025-12-28 17:15:33 - interview_system - ERROR - logger.py:119 - ??????: table questions has no column named create_time
2025-12-28 17:15:33 - interview_system - ERROR - logger.py:119 - 执行失败: table questions has no column named create_time
SQL: INSERT INTO questions 

                     (category, title, option_a, option_b, option_c, option_d, 

                      difficulty, is_high_frequency, create_time, update_time)

                     VALUES (?, ?, ?, ?, ?, ?, ?, ?, ?, ?)
Params: ('Flask Framework', 'Flask中如何定义一个路由？', "@app.route('/path')", "app.route('/path')", "route('/path')", "flask.route('/path')", 'Medium', 1, '2025-12-28 17:15:33', '2025-12-28 17:15:33')
2025-12-28 17:15:33 - interview_system - ERROR - logger.py:119 - ??????: table questions has no column named create_time
2025-12-28 17:15:33 - interview_system - ERROR - logger.py:119 - 执行失败: table questions has no column named create_time
SQL: INSERT INTO questions 

                     (category, title, option_a, option_b, option_c, option_d, 

                      difficulty, is_high_frequency, create_time, update_time)

                     VALUES (?, ?, ?, ?, ?, ?, ?, ?, ?, ?)
Params: ('Data Structure', 'Python中字典的键必须是什么类型？', '只能是字符串', '只能是数字', '必须是不可变类型', '可以是任何类型', 'Medium', 0, '2025-12-28 17:15:33', '2025-12-28 17:15:33')
2025-12-28 17:15:33 - interview_system - ERROR - logger.py:119 - ??????: table questions has no column named create_time
2025-12-28 17:15:33 - interview_system - ERROR - logger.py:119 - 执行失败: table questions has no column named create_time
SQL: INSERT INTO questions 

                     (category, title, option_a, option_b, option_c, option_d, 

                      difficulty, is_high_frequency, create_time, update_time)

                     VALUES (?, ?, ?, ?, ?, ?, ?, ?, ?, ?)
Params: ('Algorithm', '以下哪个是O(n log n)时间复杂度的排序算法？', '冒泡排序', '快速排序', '选择排序', '插入排序', 'Hard', 0, '2025-12-28 17:15:33', '2025-12-28 17:15:33')
2025-12-28 17:15:33 - interview_system - ERROR - logger.py:119 - ??????: table questions has no column named create_time
2025-12-28 17:15:50 - interview_system - ERROR - logger.py:119 - 执行失败: table questions has no column named create_time
SQL: INSERT INTO questions 

                     (category, title, option_a, option_b, option_c, option_d, 

                      difficulty, is_high_frequency, create_time, update_time)

                     VALUES (?, ?, ?, ?, ?, ?, ?, ?, ?, ?)
Params: ('Python Basics', 'Python中如何定义一个列表？', 'list = []', 'list = list()', 'list = [1, 2, 3]', '以上都可以', 'Easy', 1, '2025-12-28 17:15:50', '2025-12-28 17:15:50')
2025-12-28 17:15:50 - interview_system - ERROR - logger.py:119 - ??????: table questions has no column named create_time
2025-12-28 17:15:50 - interview_system - ERROR - logger.py:119 - 执行失败: table questions has no column named create_time
SQL: INSERT INTO questions 

                     (category, title, option_a, option_b, option_c, option_d, 

                      difficulty, is_high_frequency, create_time, update_time)

                     VALUES (?, ?, ?, ?, ?, ?, ?, ?, ?, ?)
Params: ('Python Basics', 'Python中哪个关键字用于定义函数？', 'function', 'def', 'define', 'func', 'Easy', 1, '2025-12-28 17:15:50', '2025-12-28 17:15:50')
2025-12-28 17:15:50 - interview_system - ERROR - logger.py:119 - ??????: table questions has no column named create_time
2025-12-28 17:15:50 - interview_system - ERROR - logger.py:119 - 执行失败: table questions has no column named create_time
SQL: INSERT INTO questions 

                     (category, title, option_a, option_b, option_c, option_d, 

                      difficulty, is_high_frequency, create_time, update_time)

                     VALUES (?, ?, ?, ?, ?, ?, ?, ?, ?, ?)
Params: ('Flask Framework', 'Flask中如何定义一个路由？', "@app.route('/path')", "app.route('/path')", "route('/path')", "flask.route('/path')", 'Medium', 1, '2025-12-28 17:15:50', '2025-12-28 17:15:50')
2025-12-28 17:15:50 - interview_system - ERROR - logger.py:119 - ??????: table questions has no column named create_time
2025-12-28 17:15:50 - interview_system - ERROR - logger.py:119 - 执行失败: table questions has no column named create_time
SQL: INSERT INTO questions 

                     (category, title, option_a, option_b, option_c, option_d, 

                      difficulty, is_high_frequency, create_time, update_time)

                     VALUES (?, ?, ?, ?, ?, ?, ?, ?, ?, ?)
Params: ('Data Structure', 'Python中字典的键必须是什么类型？', '只能是字符串', '只能是数字', '必须是不可变类型', '可以是任何类型', 'Medium', 0, '2025-12-28 17:15:50', '2025-12-28 17:15:50')
2025-12-28 17:15:50 - interview_system - ERROR - logger.py:119 - ??????: table questions has no column named create_time
2025-12-28 17:15:50 - interview_system - ERROR - logger.py:119 - 执行失败: table questions has no column named create_time
SQL: INSERT INTO questions 

                     (category, title, option_a, option_b, option_c, option_d, 

                      difficulty, is_high_frequency, create_time, update_time)

                     VALUES (?, ?, ?, ?, ?, ?, ?, ?, ?, ?)
Params: ('Algorithm', '以下哪个是O(n log n)时间复杂度的排序算法？', '冒泡排序', '快速排序', '选择排序', '插入排序', 'Hard', 0, '2025-12-28 17:15:50', '2025-12-28 17:15:50')
2025-12-28 17:15:50 - interview_system - ERROR - logger.py:119 - ??????: table questions has no column named create_time
2025-12-28 17:16:10 - interview_system - ERROR - logger.py:119 - 执行失败: table questions has no column named create_time
SQL: INSERT INTO questions 

                     (category, title, option_a, option_b, option_c, option_d, 

                      difficulty, is_high_frequency, create_time, update_time)

                     VALUES (?, ?, ?, ?, ?, ?, ?, ?, ?, ?)
Params: ('Python Basics', 'Python中如何定义一个列表？', 'list = []', 'list = list()', 'list = [1, 2, 3]', '以上都可以', 'Easy', 1, '2025-12-28 17:16:10', '2025-12-28 17:16:10')
2025-12-28 17:16:10 - interview_system - ERROR - logger.py:119 - ??????: table questions has no column named create_time
2025-12-28 17:16:10 - interview_system - ERROR - logger.py:119 - 执行失败: table questions has no column named create_time
SQL: INSERT INTO questions 

                     (category, title, option_a, option_b, option_c, option_d, 

                      difficulty, is_high_frequency, create_time, update_time)

                     VALUES (?, ?, ?, ?, ?, ?, ?, ?, ?, ?)
Params: ('Python Basics', 'Python中哪个关键字用于定义函数？', 'function', 'def', 'define', 'func', 'Easy', 1, '2025-12-28 17:16:10', '2025-12-28 17:16:10')
2025-12-28 17:16:10 - interview_system - ERROR - logger.py:119 - ??????: table questions has no column named create_time
2025-12-28 17:16:10 - interview_system - ERROR - logger.py:119 - 执行失败: table questions has no column named create_time
SQL: INSERT INTO questions 

                     (category, title, option_a, option_b, option_c, option_d, 

                      difficulty, is_high_frequency, create_time, update_time)

                     VALUES (?, ?, ?, ?, ?, ?, ?, ?, ?, ?)
Params: ('Flask Framework', 'Flask中如何定义一个路由？', "@app.route('/path')", "app.route('/path')", "route('/path')", "flask.route('/path')", 'Medium', 1, '2025-12-28 17:16:10', '2025-12-28 17:16:10')
2025-12-28 17:16:10 - interview_system - ERROR - logger.py:119 - ??????: table questions has no column named create_time
2025-12-28 17:16:10 - interview_system - ERROR - logger.py:119 - 执行失败: table questions has no column named create_time
SQL: INSERT INTO questions 

                     (category, title, option_a, option_b, option_c, option_d, 

                      difficulty, is_high_frequency, create_time, update_time)

                     VALUES (?, ?, ?, ?, ?, ?, ?, ?, ?, ?)
Params: ('Data Structure', 'Python中字典的键必须是什么类型？', '只能是字符串', '只能是数字', '必须是不可变类型', '可以是任何类型', 'Medium', 0, '2025-12-28 17:16:10', '2025-12-28 17:16:10')
2025-12-28 17:16:10 - interview_system - ERROR - logger.py:119 - ??????: table questions has no column named create_time
2025-12-28 17:16:10 - interview_system - ERROR - logger.py:119 - 执行失败: table questions has no column named create_time
SQL: INSERT INTO questions 

                     (category, title, option_a, option_b, option_c, option_d, 

                      difficulty, is_high_frequency, create_time, update_time)

                     VALUES (?, ?, ?, ?, ?, ?, ?, ?, ?, ?)
Params: ('Algorithm', '以下哪个是O(n log n)时间复杂度的排序算法？', '冒泡排序', '快速排序', '选择排序', '插入排序', 'Hard', 0, '2025-12-28 17:16:10', '2025-12-28 17:16:10')
2025-12-28 17:16:10 - interview_system - ERROR - logger.py:119 - ??????: table questions has no column named create_time
2025-12-28 17:28:21 - interview_system - ERROR - logger.py:119 - 查询执行失败: no such column: user_id
SQL: SELECT COUNT(*) as total FROM user_records WHERE user_id = ?
Params: (1,)
2025-12-28 17:28:21 - interview_system - ERROR - logger.py:119 - 获取学习进度失败: no such column: user_id
2025-12-28 17:30:54 - interview_system - ERROR - logger.py:119 - 查询执行失败: no such column: user_id
SQL: SELECT COUNT(*) as total FROM user_records WHERE user_id = ?
Params: (1,)
2025-12-28 17:30:54 - interview_system - ERROR - logger.py:119 - 获取学习进度失败: no such column: user_id
2025-12-28 17:32:04 - interview_system - ERROR - logger.py:119 - 查询执行失败: no such column: user_id
SQL: SELECT COUNT(*) as total FROM user_records WHERE user_id = ?
Params: (1,)
2025-12-28 17:32:04 - interview_system - ERROR - logger.py:119 - 获取学习进度失败: no such column: user_id
2025-12-28 20:14:23 - interview_system - ERROR - logger.py:119 - 获取学习进度失败: 'DBManager' object has no attribute 'fetchone'
2025-12-28 20:14:27 - interview_system - ERROR - logger.py:119 - 获取学习进度失败: 'DBManager' object has no attribute 'fetchone'
2025-12-28 20:14:30 - interview_system - ERROR - logger.py:119 - 获取学习进度失败: 'DBManager' object has no attribute 'fetchone'
2026-01-03 16:44:25 - interview_system - ERROR - logger.py:119 - ??????: 'sqlite3.Row' object has no attribute 'get'
2026-01-03 16:44:25 - interview_system - ERROR - logger.py:119 - ??????: 'sqlite3.Row' object has no attribute 'get'
2026-01-03 16:44:25 - interview_system - ERROR - logger.py:119 - ??????: 'sqlite3.Row' object has no attribute 'get'
2026-01-03 16:44:25 - interview_system - ERROR - logger.py:119 - 获取错题列表失败: no such column: ur.user_id
2026-01-03 16:44:25 - interview_system - ERROR - logger.py:119 - 添加收藏失败: no such column: user_id
2026-01-03 16:52:22 - interview_system - ERROR - logger.py:119 - 获取学习进度失败: SQLite objects created in a thread can only be used in that same thread. The object was created in thread id 25732 and this is thread id 3328.
2026-01-03 16:52:36 - interview_system - ERROR - logger.py:119 - 获取学习进度失败: SQLite objects created in a thread can only be used in that same thread. The object was created in thread id 25732 and this is thread id 4836.
2026-01-03 16:52:50 - interview_system - ERROR - logger.py:119 - 获取学习进度失败: SQLite objects created in a thread can only be used in that same thread. The object was created in thread id 25732 and this is thread id 24376.
2026-01-03 17:16:49 - interview_system - ERROR - logger.py:119 - 获取学习进度失败: SQLite objects created in a thread can only be used in that same thread. The object was created in thread id 26188 and this is thread id 4948.
2026-01-03 17:16:53 - interview_system - ERROR - logger.py:119 - 获取学习进度失败: SQLite objects created in a thread can only be used in that same thread. The object was created in thread id 26188 and this is thread id 22912.
2026-01-03 17:18:12 - interview_system - ERROR - logger.py:119 - 获取学习进度失败: SQLite objects created in a thread can only be used in that same thread. The object was created in thread id 26188 and this is thread id 4720.
2026-01-03 17:19:29 - interview_system - ERROR - logger.py:119 - 获取学习进度失败: SQLite objects created in a thread can only be used in that same thread. The object was created in thread id 36988 and this is thread id 33084.
2026-01-03 17:19:35 - interview_system - ERROR - logger.py:119 - 获取学习进度失败: SQLite objects created in a thread can only be used in that same thread. The object was created in thread id 36988 and this is thread id 2552.
2026-01-03 17:23:30 - interview_system - ERROR - logger.py:119 - 获取学习进度失败: SQLite objects created in a thread can only be used in that same thread. The object was created in thread id 38136 and this is thread id 3196.
2026-01-03 17:23:32 - interview_system - ERROR - logger.py:119 - 获取学习进度失败: SQLite objects created in a thread can only be used in that same thread. The object was created in thread id 38136 and this is thread id 3992.
2026-01-03 17:29:57 - interview_system - ERROR - logger.py:119 - 获取学习进度失败: no such column: q.category
2026-01-03 17:30:02 - interview_system - ERROR - logger.py:119 - 获取学习进度失败: no such column: q.category
